#
# There is insufficient memory for the Java Runtime Environment to continue.
# Native memory allocation (malloc) failed to allocate 533120 bytes. Error detail: Chunk::new
# Possible reasons:
#   The system is out of physical RAM or swap space
#   This process is running with CompressedOops enabled, and the Java Heap may be blocking the growth of the native heap
# Possible solutions:
#   Reduce memory load on the system
#   Increase physical memory or swap space
#   Check if swap backing store is full
#   Decrease Java heap size (-Xmx/-Xms)
#   Decrease number of Java threads
#   Decrease Java thread stack sizes (-Xss)
#   Set larger code cache with -XX:ReservedCodeCacheSize=
#   JVM is running with Unscaled Compressed Oops mode in which the Java heap is
#     placed in the first 4GB address space. The Java Heap base address is the
#     maximum limit for the native heap growth. Please use -XX:HeapBaseMinAddress
#     to set the Java Heap base and to place the Java Heap above 4GB virtual address.
# This output file may be truncated or incomplete.
#
#  Out of Memory Error (arena.cpp:149), pid=19728, tid=19704
#
# JRE version: OpenJDK Runtime Environment (23.0+38) (build 23+38)
# Java VM: OpenJDK 64-Bit Server VM (23+38, mixed mode, sharing, tiered, compressed oops, compressed class ptrs, g1 gc, windows-amd64)
# No core dump will be written. Minidumps are not enabled by default on client versions of Windows
#

---------------  S U M M A R Y ------------

Command Line: -XX:+ShowCodeDetailsInExceptionMessages --module-path=C:\Users\juan_\OneDrive\Desktop\PROGRAMACIÓN 1\PRUEBACESAR\proyectofinaluq\target\classes;C:\Users\juan_\.m2\repository\org\openjfx\javafx-controls\13\javafx-controls-13-win.jar;C:\Users\juan_\.m2\repository\org\openjfx\javafx-graphics\13\javafx-graphics-13-win.jar;C:\Users\juan_\.m2\repository\org\openjfx\javafx-base\13\javafx-base-13-win.jar;C:\Users\juan_\.m2\repository\org\openjfx\javafx-fxml\13\javafx-fxml-13-win.jar -Djdk.module.main=co.edu.uniquindio.poo co.edu.uniquindio.poo/co.edu.uniquindio.poo.App

Host: Intel(R) Pentium(R) CPU 6405U @ 2.40GHz, 4 cores, 3G,  Windows 11 , 64 bit Build 22621 (10.0.22621.4391)
Time: Sun Nov 17 22:11:14 2024 Hora est. Pacífico, Sudamérica elapsed time: 24.296651 seconds (0d 0h 0m 24s)

---------------  T H R E A D  ---------------

Current thread (0x000002612b191670):  JavaThread "C2 CompilerThread0" daemon [_thread_in_native, id=19704, stack(0x000000758e600000,0x000000758e700000) (1024K)]


Current CompileTask:
C2:24296 4019       4       javafx.scene.CssStyleHelper::resolveLookups (463 bytes)

Stack: [0x000000758e600000,0x000000758e700000]
Native frames: (J=compiled Java code, j=interpreted, Vv=VM code, C=native code)
V  [jvm.dll+0x6ef6d9]  (no source info available)
V  [jvm.dll+0x8e02d3]  (no source info available)
V  [jvm.dll+0x8e259e]  (no source info available)
V  [jvm.dll+0x8e2c83]  (no source info available)
V  [jvm.dll+0x2858c6]  (no source info available)
V  [jvm.dll+0xbc74f]  (no source info available)
V  [jvm.dll+0xbc9ab]  (no source info available)
V  [jvm.dll+0x3bf8dc]  (no source info available)
V  [jvm.dll+0x395bfb]  (no source info available)
V  [jvm.dll+0x39506a]  (no source info available)
V  [jvm.dll+0x24eb08]  (no source info available)
V  [jvm.dll+0x24deb1]  (no source info available)
V  [jvm.dll+0x1cb7aa]  (no source info available)
V  [jvm.dll+0x25dfeb]  (no source info available)
V  [jvm.dll+0x25c2aa]  (no source info available)
V  [jvm.dll+0x3faa06]  (no source info available)
V  [jvm.dll+0x886678]  (no source info available)
V  [jvm.dll+0x6edef5]  (no source info available)
C  [ucrtbase.dll+0x29333]  (no source info available)
C  [KERNEL32.DLL+0x1259d]  (no source info available)
C  [ntdll.dll+0x5af38]  (no source info available)

Lock stack of current Java thread (top to bottom):


---------------  P R O C E S S  ---------------

Threads class SMR info:
_java_thread_list=0x0000026176509870, length=18, elements={
0x000002611005f8b0, 0x000002612b17af70, 0x000002612b17d9f0, 0x000002612b180900,
0x000002612b181770, 0x000002612b182300, 0x000002612b186390, 0x000002612b191670,
0x000002612b194d60, 0x000002612b413d00, 0x000002612b563b00, 0x000002612ba84500,
0x000002612bb17a60, 0x000002612bb33260, 0x000002612bc7d430, 0x000002612bc93ac0,
0x00000261762c8750, 0x0000026176642350
}

Java Threads: ( => current thread )
  0x000002611005f8b0 JavaThread "main"                              [_thread_blocked, id=10300, stack(0x000000758d800000,0x000000758d900000) (1024K)]
  0x000002612b17af70 JavaThread "Reference Handler"          daemon [_thread_blocked, id=15800, stack(0x000000758e000000,0x000000758e100000) (1024K)]
  0x000002612b17d9f0 JavaThread "Finalizer"                  daemon [_thread_blocked, id=14104, stack(0x000000758e100000,0x000000758e200000) (1024K)]
  0x000002612b180900 JavaThread "Signal Dispatcher"          daemon [_thread_blocked, id=14616, stack(0x000000758e200000,0x000000758e300000) (1024K)]
  0x000002612b181770 JavaThread "Attach Listener"            daemon [_thread_blocked, id=14520, stack(0x000000758e300000,0x000000758e400000) (1024K)]
  0x000002612b182300 JavaThread "Service Thread"             daemon [_thread_blocked, id=18576, stack(0x000000758e400000,0x000000758e500000) (1024K)]
  0x000002612b186390 JavaThread "Monitor Deflation Thread"   daemon [_thread_blocked, id=4552, stack(0x000000758e500000,0x000000758e600000) (1024K)]
=>0x000002612b191670 JavaThread "C2 CompilerThread0"         daemon [_thread_in_native, id=19704, stack(0x000000758e600000,0x000000758e700000) (1024K)]
  0x000002612b194d60 JavaThread "C1 CompilerThread0"         daemon [_thread_blocked, id=11444, stack(0x000000758e700000,0x000000758e800000) (1024K)]
  0x000002612b413d00 JavaThread "Common-Cleaner"             daemon [_thread_blocked, id=19212, stack(0x000000758e800000,0x000000758e900000) (1024K)]
  0x000002612b563b00 JavaThread "Notification Thread"        daemon [_thread_blocked, id=2804, stack(0x000000758e900000,0x000000758ea00000) (1024K)]
  0x000002612ba84500 JavaThread "QuantumRenderer-0"          daemon [_thread_blocked, id=18060, stack(0x000000758ea00000,0x000000758eb00000) (1024K)]
  0x000002612bb17a60 JavaThread "InvokeLaterDispatcher"      daemon [_thread_blocked, id=17752, stack(0x000000758ee00000,0x000000758ef00000) (1024K)]
  0x000002612bb33260 JavaThread "JavaFX Application Thread"         [_thread_in_native, id=18676, stack(0x000000758ef00000,0x000000758f000000) (1024K)]
  0x000002612bc7d430 JavaThread "Thread-1"                   daemon [_thread_in_native, id=16372, stack(0x000000758f300000,0x000000758f400000) (1024K)]
  0x000002612bc93ac0 JavaThread "JavaFX-Launcher"                   [_thread_blocked, id=22124, stack(0x000000758f400000,0x000000758f500000) (1024K)]
  0x00000261762c8750 JavaThread "Prism Font Disposer"        daemon [_thread_blocked, id=7552, stack(0x000000758f500000,0x000000758f600000) (1024K)]
  0x0000026176642350 JavaThread "Cleaner-0"                  daemon [_thread_blocked, id=20956, stack(0x000000758f900000,0x000000758fa00000) (1024K)]
Total: 18

Other Threads:
  0x000002612b1611b0 VMThread "VM Thread"                           [id=21464, stack(0x000000758df00000,0x000000758e000000) (1024K)]
  0x0000026110113600 WatcherThread "VM Periodic Task Thread"        [id=23472, stack(0x000000758de00000,0x000000758df00000) (1024K)]
  0x0000026110097c00 WorkerThread "GC Thread#0"                     [id=19160, stack(0x000000758d900000,0x000000758da00000) (1024K)]
  0x000002612ba944e0 WorkerThread "GC Thread#1"                     [id=19644, stack(0x000000758eb00000,0x000000758ec00000) (1024K)]
  0x000002612baa2dd0 WorkerThread "GC Thread#2"                     [id=3532, stack(0x000000758ec00000,0x000000758ed00000) (1024K)]
  0x000002612baa3180 WorkerThread "GC Thread#3"                     [id=21560, stack(0x000000758ed00000,0x000000758ee00000) (1024K)]
  0x00000261100a2570 ConcurrentGCThread "G1 Main Marker"            [id=12668, stack(0x000000758da00000,0x000000758db00000) (1024K)]
  0x00000261100a4de0 WorkerThread "G1 Conc#0"                       [id=3280, stack(0x000000758db00000,0x000000758dc00000) (1024K)]
  0x00000261101001d0 ConcurrentGCThread "G1 Refine#0"               [id=21664, stack(0x000000758dc00000,0x000000758dd00000) (1024K)]
  0x0000026110102c60 ConcurrentGCThread "G1 Service"                [id=15928, stack(0x000000758dd00000,0x000000758de00000) (1024K)]
Total: 10

Threads with active compile tasks:
C2 CompilerThread0  24608 4019       4       javafx.scene.CssStyleHelper::resolveLookups (463 bytes)
Total: 1

VM state: not at safepoint (normal execution)

VM Mutex/Monitor currently owned by a thread: None

Heap address: 0x00000000c2c00000, size: 980 MB, Compressed Oops mode: 32-bit

CDS archive(s) mapped at: [0x000002612c000000-0x000002612cd70000-0x000002612cd70000), size 14090240, SharedBaseAddress: 0x000002612c000000, ArchiveRelocationMode: 1.
Compressed class space mapped at: 0x000002612d000000-0x000002616d000000, reserved size: 1073741824
Narrow klass base: 0x000002612c000000, Narrow klass shift: 0, Narrow klass range: 0x41000000

GC Precious Log:
 CardTable entry size: 512
 Card Set container configuration: InlinePtr #cards 5 size 8 Array Of Cards #cards 10 size 36 Howl #buckets 4 coarsen threshold 1843 Howl Bitmap #cards 512 size 80 coarsen threshold 460 Card regions per heap region 1 cards per card region 2048
 CPUs: 4 total, 4 available
 Memory: 3919M
 Large Page Support: Disabled
 NUMA Support: Disabled
 Compressed Oops: Enabled (32-bit)
 Heap Region Size: 1M
 Heap Min Capacity: 8M
 Heap Initial Capacity: 62M
 Heap Max Capacity: 980M
 Pre-touch: Disabled
 Parallel Workers: 4
 Concurrent Workers: 1
 Concurrent Refinement Workers: 4
 Periodic GC: Disabled

Heap:
 garbage-first heap   total reserved 1003520K, committed 63488K, used 28999K [0x00000000c2c00000, 0x0000000100000000)
  region size 1024K, 21 young (21504K), 4 survivors (4096K)
 Metaspace       used 19879K, committed 20224K, reserved 1114112K
  class space    used 3029K, committed 3200K, reserved 1048576K

Heap Regions: E=young(eden), S=young(survivor), O=old, HS=humongous(starts), HC=humongous(continues), CS=collection set, F=free, TAMS=top-at-mark-start, PB=parsable bottom
|   0|0x00000000c2c00000, 0x00000000c2d00000, 0x00000000c2d00000|100%| O|  |TAMS 0x00000000c2c00000| PB 0x00000000c2c00000| Untracked |  0
|   1|0x00000000c2d00000, 0x00000000c2e00000, 0x00000000c2e00000|100%| O|  |TAMS 0x00000000c2d00000| PB 0x00000000c2d00000| Untracked |  0
|   2|0x00000000c2e00000, 0x00000000c2f00000, 0x00000000c2f00000|100%|HS|  |TAMS 0x00000000c2e00000| PB 0x00000000c2e00000| Complete |  0
|   3|0x00000000c2f00000, 0x00000000c3000000, 0x00000000c3000000|100%| O|  |TAMS 0x00000000c2f00000| PB 0x00000000c2f00000| Untracked |  0
|   4|0x00000000c3000000, 0x00000000c3100000, 0x00000000c3100000|100%|HS|  |TAMS 0x00000000c3000000| PB 0x00000000c3000000| Complete |  0
|   5|0x00000000c3100000, 0x00000000c3200000, 0x00000000c3200000|100%|HC|  |TAMS 0x00000000c3100000| PB 0x00000000c3100000| Complete |  0
|   6|0x00000000c3200000, 0x00000000c3300000, 0x00000000c3300000|100%| O|  |TAMS 0x00000000c3200000| PB 0x00000000c3200000| Untracked |  0
|   7|0x00000000c3300000, 0x00000000c3400000, 0x00000000c3400000|100%| O|  |TAMS 0x00000000c3300000| PB 0x00000000c3300000| Untracked |  0
|   8|0x00000000c3400000, 0x00000000c34f9fc8, 0x00000000c3500000| 97%| O|  |TAMS 0x00000000c3400000| PB 0x00000000c3400000| Untracked |  0
|   9|0x00000000c3500000, 0x00000000c3500000, 0x00000000c3600000|  0%| F|  |TAMS 0x00000000c3500000| PB 0x00000000c3500000| Untracked |  0
|  10|0x00000000c3600000, 0x00000000c3600000, 0x00000000c3700000|  0%| F|  |TAMS 0x00000000c3600000| PB 0x00000000c3600000| Untracked |  0
|  11|0x00000000c3700000, 0x00000000c3700000, 0x00000000c3800000|  0%| F|  |TAMS 0x00000000c3700000| PB 0x00000000c3700000| Untracked |  0
|  12|0x00000000c3800000, 0x00000000c3800000, 0x00000000c3900000|  0%| F|  |TAMS 0x00000000c3800000| PB 0x00000000c3800000| Untracked |  0
|  13|0x00000000c3900000, 0x00000000c3900000, 0x00000000c3a00000|  0%| F|  |TAMS 0x00000000c3900000| PB 0x00000000c3900000| Untracked |  0
|  14|0x00000000c3a00000, 0x00000000c3a00000, 0x00000000c3b00000|  0%| F|  |TAMS 0x00000000c3a00000| PB 0x00000000c3a00000| Untracked |  0
|  15|0x00000000c3b00000, 0x00000000c3b00000, 0x00000000c3c00000|  0%| F|  |TAMS 0x00000000c3b00000| PB 0x00000000c3b00000| Untracked |  0
|  16|0x00000000c3c00000, 0x00000000c3c00000, 0x00000000c3d00000|  0%| F|  |TAMS 0x00000000c3c00000| PB 0x00000000c3c00000| Untracked |  0
|  17|0x00000000c3d00000, 0x00000000c3d00000, 0x00000000c3e00000|  0%| F|  |TAMS 0x00000000c3d00000| PB 0x00000000c3d00000| Untracked |  0
|  18|0x00000000c3e00000, 0x00000000c3e00000, 0x00000000c3f00000|  0%| F|  |TAMS 0x00000000c3e00000| PB 0x00000000c3e00000| Untracked |  0
|  19|0x00000000c3f00000, 0x00000000c3f00000, 0x00000000c4000000|  0%| F|  |TAMS 0x00000000c3f00000| PB 0x00000000c3f00000| Untracked |  0
|  20|0x00000000c4000000, 0x00000000c4000000, 0x00000000c4100000|  0%| F|  |TAMS 0x00000000c4000000| PB 0x00000000c4000000| Untracked |  0
|  21|0x00000000c4100000, 0x00000000c4100000, 0x00000000c4200000|  0%| F|  |TAMS 0x00000000c4100000| PB 0x00000000c4100000| Untracked |  0
|  22|0x00000000c4200000, 0x00000000c4200000, 0x00000000c4300000|  0%| F|  |TAMS 0x00000000c4200000| PB 0x00000000c4200000| Untracked |  0
|  23|0x00000000c4300000, 0x00000000c4300000, 0x00000000c4400000|  0%| F|  |TAMS 0x00000000c4300000| PB 0x00000000c4300000| Untracked |  0
|  24|0x00000000c4400000, 0x00000000c4400000, 0x00000000c4500000|  0%| F|  |TAMS 0x00000000c4400000| PB 0x00000000c4400000| Untracked |  0
|  25|0x00000000c4500000, 0x00000000c4500000, 0x00000000c4600000|  0%| F|  |TAMS 0x00000000c4500000| PB 0x00000000c4500000| Untracked |  0
|  26|0x00000000c4600000, 0x00000000c4600000, 0x00000000c4700000|  0%| F|  |TAMS 0x00000000c4600000| PB 0x00000000c4600000| Untracked |  0
|  27|0x00000000c4700000, 0x00000000c4700000, 0x00000000c4800000|  0%| F|  |TAMS 0x00000000c4700000| PB 0x00000000c4700000| Untracked |  0
|  28|0x00000000c4800000, 0x00000000c4800000, 0x00000000c4900000|  0%| F|  |TAMS 0x00000000c4800000| PB 0x00000000c4800000| Untracked |  0
|  29|0x00000000c4900000, 0x00000000c4900000, 0x00000000c4a00000|  0%| F|  |TAMS 0x00000000c4900000| PB 0x00000000c4900000| Untracked |  0
|  30|0x00000000c4a00000, 0x00000000c4a57f50, 0x00000000c4b00000| 34%| S|CS|TAMS 0x00000000c4a00000| PB 0x00000000c4a00000| Complete |  0
|  31|0x00000000c4b00000, 0x00000000c4c00000, 0x00000000c4c00000|100%| S|CS|TAMS 0x00000000c4b00000| PB 0x00000000c4b00000| Complete |  0
|  32|0x00000000c4c00000, 0x00000000c4d00000, 0x00000000c4d00000|100%| S|CS|TAMS 0x00000000c4c00000| PB 0x00000000c4c00000| Complete |  0
|  33|0x00000000c4d00000, 0x00000000c4e00000, 0x00000000c4e00000|100%| S|CS|TAMS 0x00000000c4d00000| PB 0x00000000c4d00000| Complete |  0
|  34|0x00000000c4e00000, 0x00000000c4e00000, 0x00000000c4f00000|  0%| F|  |TAMS 0x00000000c4e00000| PB 0x00000000c4e00000| Untracked |  0
|  35|0x00000000c4f00000, 0x00000000c4f00000, 0x00000000c5000000|  0%| F|  |TAMS 0x00000000c4f00000| PB 0x00000000c4f00000| Untracked |  0
|  36|0x00000000c5000000, 0x00000000c5000000, 0x00000000c5100000|  0%| F|  |TAMS 0x00000000c5000000| PB 0x00000000c5000000| Untracked |  0
|  37|0x00000000c5100000, 0x00000000c5100000, 0x00000000c5200000|  0%| F|  |TAMS 0x00000000c5100000| PB 0x00000000c5100000| Untracked |  0
|  38|0x00000000c5200000, 0x00000000c5200000, 0x00000000c5300000|  0%| F|  |TAMS 0x00000000c5200000| PB 0x00000000c5200000| Untracked |  0
|  39|0x00000000c5300000, 0x00000000c5300000, 0x00000000c5400000|  0%| F|  |TAMS 0x00000000c5300000| PB 0x00000000c5300000| Untracked |  0
|  40|0x00000000c5400000, 0x00000000c5400000, 0x00000000c5500000|  0%| F|  |TAMS 0x00000000c5400000| PB 0x00000000c5400000| Untracked |  0
|  41|0x00000000c5500000, 0x00000000c5500000, 0x00000000c5600000|  0%| F|  |TAMS 0x00000000c5500000| PB 0x00000000c5500000| Untracked |  0
|  42|0x00000000c5600000, 0x00000000c5600000, 0x00000000c5700000|  0%| F|  |TAMS 0x00000000c5600000| PB 0x00000000c5600000| Untracked |  0
|  43|0x00000000c5700000, 0x00000000c5700000, 0x00000000c5800000|  0%| F|  |TAMS 0x00000000c5700000| PB 0x00000000c5700000| Untracked |  0
|  44|0x00000000c5800000, 0x00000000c5800000, 0x00000000c5900000|  0%| F|  |TAMS 0x00000000c5800000| PB 0x00000000c5800000| Untracked |  0
|  45|0x00000000c5900000, 0x00000000c592d4b0, 0x00000000c5a00000| 17%| E|  |TAMS 0x00000000c5900000| PB 0x00000000c5900000| Complete |  0
|  46|0x00000000c5a00000, 0x00000000c5b00000, 0x00000000c5b00000|100%| E|CS|TAMS 0x00000000c5a00000| PB 0x00000000c5a00000| Complete |  0
|  47|0x00000000c5b00000, 0x00000000c5c00000, 0x00000000c5c00000|100%| E|CS|TAMS 0x00000000c5b00000| PB 0x00000000c5b00000| Complete |  0
|  48|0x00000000c5c00000, 0x00000000c5d00000, 0x00000000c5d00000|100%| E|CS|TAMS 0x00000000c5c00000| PB 0x00000000c5c00000| Complete |  0
|  49|0x00000000c5d00000, 0x00000000c5e00000, 0x00000000c5e00000|100%| E|CS|TAMS 0x00000000c5d00000| PB 0x00000000c5d00000| Complete |  0
|  50|0x00000000c5e00000, 0x00000000c5f00000, 0x00000000c5f00000|100%| E|CS|TAMS 0x00000000c5e00000| PB 0x00000000c5e00000| Complete |  0
|  51|0x00000000c5f00000, 0x00000000c6000000, 0x00000000c6000000|100%| E|CS|TAMS 0x00000000c5f00000| PB 0x00000000c5f00000| Complete |  0
|  52|0x00000000c6000000, 0x00000000c6100000, 0x00000000c6100000|100%| E|CS|TAMS 0x00000000c6000000| PB 0x00000000c6000000| Complete |  0
|  53|0x00000000c6100000, 0x00000000c6200000, 0x00000000c6200000|100%| E|CS|TAMS 0x00000000c6100000| PB 0x00000000c6100000| Complete |  0
|  54|0x00000000c6200000, 0x00000000c6300000, 0x00000000c6300000|100%| E|CS|TAMS 0x00000000c6200000| PB 0x00000000c6200000| Complete |  0
|  55|0x00000000c6300000, 0x00000000c6400000, 0x00000000c6400000|100%| E|CS|TAMS 0x00000000c6300000| PB 0x00000000c6300000| Complete |  0
|  56|0x00000000c6400000, 0x00000000c6500000, 0x00000000c6500000|100%| E|CS|TAMS 0x00000000c6400000| PB 0x00000000c6400000| Complete |  0
|  57|0x00000000c6500000, 0x00000000c6600000, 0x00000000c6600000|100%| E|CS|TAMS 0x00000000c6500000| PB 0x00000000c6500000| Complete |  0
|  58|0x00000000c6600000, 0x00000000c6700000, 0x00000000c6700000|100%| E|CS|TAMS 0x00000000c6600000| PB 0x00000000c6600000| Complete |  0
|  59|0x00000000c6700000, 0x00000000c6800000, 0x00000000c6800000|100%| E|CS|TAMS 0x00000000c6700000| PB 0x00000000c6700000| Complete |  0
|  60|0x00000000c6800000, 0x00000000c6900000, 0x00000000c6900000|100%| E|CS|TAMS 0x00000000c6800000| PB 0x00000000c6800000| Complete |  0
|  61|0x00000000c6900000, 0x00000000c6a00000, 0x00000000c6a00000|100%| E|CS|TAMS 0x00000000c6900000| PB 0x00000000c6900000| Complete |  0

Card table byte_map: [0x0000026127bd0000,0x0000026127dc0000] _byte_map_base: 0x00000261275ba000

Marking Bits: (CMBitMap*) 0x0000026110098310
 Bits: [0x0000026127dc0000, 0x0000026128d10000)

Polling page: 0x000002610f820000

Metaspace:

Usage:
  Non-class:     16.45 MB used.
      Class:      2.96 MB used.
       Both:     19.41 MB used.

Virtual space:
  Non-class space:       64.00 MB reserved,      16.62 MB ( 26%) committed,  1 nodes.
      Class space:        1.00 GB reserved,       3.12 MB ( <1%) committed,  1 nodes.
             Both:        1.06 GB reserved,      19.75 MB (  2%) committed. 

Chunk freelists:
   Non-Class:  14.81 MB
       Class:  12.70 MB
        Both:  27.52 MB

MaxMetaspaceSize: unlimited
CompressedClassSpaceSize: 1.00 GB
Initial GC threshold: 21.00 MB
Current GC threshold: 21.00 MB
CDS: on
 - commit_granule_bytes: 65536.
 - commit_granule_words: 8192.
 - virtual_space_node_default_size: 8388608.
 - enlarge_chunks_in_place: 1.
 - use_allocation_guard: 0.


Internal statistics:

num_allocs_failed_limit: 0.
num_arena_births: 372.
num_arena_deaths: 0.
num_vsnodes_births: 2.
num_vsnodes_deaths: 0.
num_space_committed: 316.
num_space_uncommitted: 0.
num_chunks_returned_to_freelist: 0.
num_chunks_taken_from_freelist: 994.
num_chunk_merges: 0.
num_chunk_splits: 707.
num_chunks_enlarged: 545.
num_inconsistent_stats: 0.

CodeHeap 'non-profiled nmethods': size=120064Kb used=1128Kb max_used=1128Kb free=118935Kb
 bounds [0x00000261204a0000, 0x0000026120710000, 0x00000261279e0000]
CodeHeap 'profiled nmethods': size=120000Kb used=5811Kb max_used=5811Kb free=114188Kb
 bounds [0x00000261189e0000, 0x0000026118f90000, 0x000002611ff10000]
CodeHeap 'non-nmethods': size=5696Kb used=1799Kb max_used=1842Kb free=3896Kb
 bounds [0x000002611ff10000, 0x0000026120180000, 0x00000261204a0000]
CodeCache: size=245760Kb, used=8738Kb, max_used=8781Kb, free=237019Kb
 total_blobs=4864, nmethods=4031, adapters=739, full_count=0
Compilation: enabled, stopped_count=0, restarted_count=0

Compilation events (20 events):
Event: 24.226 Thread 0x000002612b194d60 4024       3       com.sun.javafx.sg.prism.NGRegion::renderBackgroundRectangle (1157 bytes)
Event: 24.235 Thread 0x000002612b194d60 nmethod 4024 0x0000026118f84a08 code [0x0000026118f85040, 0x0000026118f889c0]
Event: 24.235 Thread 0x000002612b194d60 4031       3       com.sun.prism.impl.VertexBuffer::setPerVertexColor (26 bytes)
Event: 24.235 Thread 0x000002612b194d60 nmethod 4031 0x0000026118f88c88 code [0x0000026118f88dc0, 0x0000026118f88f08]
Event: 24.235 Thread 0x000002612b194d60 4025       3       com.sun.prism.impl.ps.BaseShaderGraphics::len (39 bytes)
Event: 24.236 Thread 0x000002612b194d60 nmethod 4025 0x0000026118f88f88 code [0x0000026118f890c0, 0x0000026118f89420]
Event: 24.236 Thread 0x000002612b194d60 4029       1       com.sun.prism.paint.Paint::isProportional (5 bytes)
Event: 24.236 Thread 0x000002612b194d60 nmethod 4029 0x00000261205b9788 code [0x00000261205b98a0, 0x00000261205b9970]
Event: 24.236 Thread 0x000002612b194d60 4032       1       javafx.scene.layout.Region::computeMaxWidth (4 bytes)
Event: 24.237 Thread 0x000002612b194d60 nmethod 4032 0x00000261205b9a88 code [0x00000261205b9bc0, 0x00000261205b9c90]
Event: 24.237 Thread 0x000002612b194d60 4033       1       javafx.scene.layout.Region::computeMaxHeight (4 bytes)
Event: 24.237 Thread 0x000002612b194d60 nmethod 4033 0x00000261205b9d88 code [0x00000261205b9ec0, 0x00000261205b9f90]
Event: 24.237 Thread 0x000002612b194d60 4034       3       com.sun.prism.impl.BaseGraphics::getAssociatedScreen (8 bytes)
Event: 24.237 Thread 0x000002612b194d60 nmethod 4034 0x0000026118f89488 code [0x0000026118f895a0, 0x0000026118f89750]
Event: 24.238 Thread 0x000002612b194d60 4036       3       com.sun.prism.impl.shape.BasicRoundRectRep::notIntEnough (24 bytes)
Event: 24.238 Thread 0x000002612b194d60 nmethod 4036 0x0000026118f89788 code [0x0000026118f898e0, 0x0000026118f89b28]
Event: 24.239 Thread 0x000002612b194d60 4037       3       com.sun.prism.impl.VertexBuffer::addVertNoCheck (54 bytes)
Event: 24.239 Thread 0x000002612b194d60 nmethod 4037 0x0000026118f89b88 code [0x0000026118f89cc0, 0x0000026118f89e98]
Event: 24.262 Thread 0x000002612b194d60 4038       3       com.sun.javafx.scene.EnteredExitedHandler::dispatchBubblingEvent (204 bytes)
Event: 24.264 Thread 0x000002612b194d60 nmethod 4038 0x0000026118f89f08 code [0x0000026118f8a280, 0x0000026118f8c638]

GC Heap History (8 events):
Event: 0.833 GC heap before
{Heap before GC invocations=0 (full 0):
 garbage-first heap   total reserved 1003520K, committed 63488K, used 14336K [0x00000000c2c00000, 0x0000000100000000)
  region size 1024K, 14 young (14336K), 0 survivors (0K)
 Metaspace       used 2493K, committed 2752K, reserved 1114112K
  class space    used 277K, committed 384K, reserved 1048576K
}
Event: 0.843 GC heap after
{Heap after GC invocations=1 (full 0):
 garbage-first heap   total reserved 1003520K, committed 63488K, used 1792K [0x00000000c2c00000, 0x0000000100000000)
  region size 1024K, 2 young (2048K), 2 survivors (2048K)
 Metaspace       used 2493K, committed 2752K, reserved 1114112K
  class space    used 277K, committed 384K, reserved 1048576K
}
Event: 2.013 GC heap before
{Heap before GC invocations=1 (full 0):
 garbage-first heap   total reserved 1003520K, committed 63488K, used 15104K [0x00000000c2c00000, 0x0000000100000000)
  region size 1024K, 16 young (16384K), 2 survivors (2048K)
 Metaspace       used 7553K, committed 7744K, reserved 1114112K
  class space    used 936K, committed 1024K, reserved 1048576K
}
Event: 2.018 GC heap after
{Heap after GC invocations=2 (full 0):
 garbage-first heap   total reserved 1003520K, committed 63488K, used 3465K [0x00000000c2c00000, 0x0000000100000000)
  region size 1024K, 2 young (2048K), 2 survivors (2048K)
 Metaspace       used 7553K, committed 7744K, reserved 1114112K
  class space    used 936K, committed 1024K, reserved 1048576K
}
Event: 3.192 GC heap before
{Heap before GC invocations=2 (full 0):
 garbage-first heap   total reserved 1003520K, committed 63488K, used 34185K [0x00000000c2c00000, 0x0000000100000000)
  region size 1024K, 32 young (32768K), 2 survivors (2048K)
 Metaspace       used 13130K, committed 13440K, reserved 1114112K
  class space    used 2006K, committed 2176K, reserved 1048576K
}
Event: 3.199 GC heap after
{Heap after GC invocations=3 (full 0):
 garbage-first heap   total reserved 1003520K, committed 63488K, used 7489K [0x00000000c2c00000, 0x0000000100000000)
  region size 1024K, 4 young (4096K), 4 survivors (4096K)
 Metaspace       used 13130K, committed 13440K, reserved 1114112K
  class space    used 2006K, committed 2176K, reserved 1048576K
}
Event: 19.897 GC heap before
{Heap before GC invocations=3 (full 0):
 garbage-first heap   total reserved 1003520K, committed 63488K, used 38209K [0x00000000c2c00000, 0x0000000100000000)
  region size 1024K, 32 young (32768K), 4 survivors (4096K)
 Metaspace       used 18445K, committed 18816K, reserved 1114112K
  class space    used 2855K, committed 3008K, reserved 1048576K
}
Event: 19.911 GC heap after
{Heap after GC invocations=4 (full 0):
 garbage-first heap   total reserved 1003520K, committed 63488K, used 12615K [0x00000000c2c00000, 0x0000000100000000)
  region size 1024K, 4 young (4096K), 4 survivors (4096K)
 Metaspace       used 18445K, committed 18816K, reserved 1114112K
  class space    used 2855K, committed 3008K, reserved 1048576K
}

Dll operation events (20 events):
Event: 0.625 Loaded shared library C:\Users\juan_\.openjfx\cache\13\api-ms-win-crt-heap-l1-1-0.dll
Event: 0.633 Loaded shared library C:\Users\juan_\.openjfx\cache\13\api-ms-win-crt-locale-l1-1-0.dll
Event: 0.640 Loaded shared library C:\Users\juan_\.openjfx\cache\13\api-ms-win-crt-math-l1-1-0.dll
Event: 0.647 Loaded shared library C:\Users\juan_\.openjfx\cache\13\api-ms-win-crt-multibyte-l1-1-0.dll
Event: 0.653 Loaded shared library C:\Users\juan_\.openjfx\cache\13\api-ms-win-crt-private-l1-1-0.dll
Event: 0.659 Loaded shared library C:\Users\juan_\.openjfx\cache\13\api-ms-win-crt-process-l1-1-0.dll
Event: 0.664 Loaded shared library C:\Users\juan_\.openjfx\cache\13\api-ms-win-crt-runtime-l1-1-0.dll
Event: 0.670 Loaded shared library C:\Users\juan_\.openjfx\cache\13\api-ms-win-crt-stdio-l1-1-0.dll
Event: 0.675 Loaded shared library C:\Users\juan_\.openjfx\cache\13\api-ms-win-crt-string-l1-1-0.dll
Event: 0.680 Loaded shared library C:\Users\juan_\.openjfx\cache\13\api-ms-win-crt-time-l1-1-0.dll
Event: 0.686 Loaded shared library C:\Users\juan_\.openjfx\cache\13\api-ms-win-crt-utility-l1-1-0.dll
Event: 0.711 Loaded shared library C:\Users\juan_\.openjfx\cache\13\ucrtbase.dll
Event: 0.719 Loaded shared library C:\Users\juan_\.openjfx\cache\13\vcruntime140.dll
Event: 0.735 Loaded shared library C:\Users\juan_\.openjfx\cache\13\msvcp140.dll
Event: 0.747 Loaded shared library C:\Users\juan_\.openjfx\cache\13\concrt140.dll
Event: 0.863 Loaded shared library C:\Users\juan_\.openjfx\cache\13\prism_d3d.dll
Event: 0.994 Loaded shared library C:\Users\juan_\.openjfx\cache\13\glass.dll
Event: 1.523 Loaded shared library C:\Program Files\BellSoft\LibericaJDK-23\bin\jimage.dll
Event: 2.080 Loaded shared library C:\Users\juan_\.openjfx\cache\13\javafx_iio.dll
Event: 2.201 Loaded shared library C:\Users\juan_\.openjfx\cache\13\javafx_font.dll

Deoptimization events (20 events):
Event: 24.103 Thread 0x000002612bb33260 Uncommon trap: trap_request=0xffffffde fr.pc=0x00000261205ab530 relative=0x00000000000006b0
Event: 24.103 Thread 0x000002612bb33260 Uncommon trap: reason=class_check action=maybe_recompile pc=0x00000261205ab530 method=javafx.scene.Node.updateLocalToParentTransform()V @ 11 c2
Event: 24.103 Thread 0x000002612bb33260 DEOPT PACKING pc=0x00000261205ab530 sp=0x000000758eff76c0
Event: 24.103 Thread 0x000002612bb33260 DEOPT UNPACKING pc=0x000002611ff643fc sp=0x000000758eff7650 mode 2
Event: 24.103 Thread 0x000002612bb33260 Uncommon trap: trap_request=0xffffffde fr.pc=0x00000261205ab530 relative=0x00000000000006b0
Event: 24.103 Thread 0x000002612bb33260 Uncommon trap: reason=class_check action=maybe_recompile pc=0x00000261205ab530 method=javafx.scene.Node.updateLocalToParentTransform()V @ 11 c2
Event: 24.103 Thread 0x000002612bb33260 DEOPT PACKING pc=0x00000261205ab530 sp=0x000000758eff76c0
Event: 24.103 Thread 0x000002612bb33260 DEOPT UNPACKING pc=0x000002611ff643fc sp=0x000000758eff7650 mode 2
Event: 24.103 Thread 0x000002612bb33260 Uncommon trap: trap_request=0xffffffde fr.pc=0x00000261205ab530 relative=0x00000000000006b0
Event: 24.103 Thread 0x000002612bb33260 Uncommon trap: reason=class_check action=maybe_recompile pc=0x00000261205ab530 method=javafx.scene.Node.updateLocalToParentTransform()V @ 11 c2
Event: 24.103 Thread 0x000002612bb33260 DEOPT PACKING pc=0x00000261205ab530 sp=0x000000758eff76c0
Event: 24.103 Thread 0x000002612bb33260 DEOPT UNPACKING pc=0x000002611ff643fc sp=0x000000758eff7650 mode 2
Event: 24.104 Thread 0x000002612bb33260 Uncommon trap: trap_request=0xffffffde fr.pc=0x00000261205ab530 relative=0x00000000000006b0
Event: 24.104 Thread 0x000002612bb33260 Uncommon trap: reason=class_check action=maybe_recompile pc=0x00000261205ab530 method=javafx.scene.Node.updateLocalToParentTransform()V @ 11 c2
Event: 24.104 Thread 0x000002612bb33260 DEOPT PACKING pc=0x00000261205ab530 sp=0x000000758eff76c0
Event: 24.104 Thread 0x000002612bb33260 DEOPT UNPACKING pc=0x000002611ff643fc sp=0x000000758eff7650 mode 2
Event: 24.145 Thread 0x000002612ba84500 Uncommon trap: trap_request=0xffffff45 fr.pc=0x000002612055b588 relative=0x0000000000000088
Event: 24.145 Thread 0x000002612ba84500 Uncommon trap: reason=unstable_if action=reinterpret pc=0x000002612055b588 method=com.sun.javafx.geom.RectBounds.isEmpty()Z @ 21 c2
Event: 24.145 Thread 0x000002612ba84500 DEOPT PACKING pc=0x000002612055b588 sp=0x000000758eafc4f0
Event: 24.145 Thread 0x000002612ba84500 DEOPT UNPACKING pc=0x000002611ff643fc sp=0x000000758eafc480 mode 2

Classes loaded (20 events):
Event: 19.597 Loading class java/io/CharArrayReader
Event: 19.597 Loading class java/io/CharArrayReader done
Event: 19.599 Loading class java/io/BufferedReader
Event: 19.599 Loading class java/io/BufferedReader done
Event: 19.921 Loading class java/util/BitSet$1BitSetSpliterator
Event: 19.921 Loading class java/util/BitSet$1BitSetSpliterator done
Event: 19.922 Loading class java/util/stream/IntPipeline$Head
Event: 19.922 Loading class java/util/stream/IntPipeline
Event: 19.922 Loading class java/util/stream/IntStream
Event: 19.923 Loading class java/util/stream/IntStream done
Event: 19.923 Loading class java/util/stream/IntPipeline done
Event: 19.923 Loading class java/util/stream/IntPipeline$Head done
Event: 19.925 Loading class java/util/stream/IntPipeline$1
Event: 19.925 Loading class java/util/stream/IntPipeline$1 done
Event: 19.925 Loading class java/util/stream/IntPipeline$1$1
Event: 19.926 Loading class java/util/stream/Sink$ChainedInt
Event: 19.926 Loading class java/util/stream/Sink$OfInt
Event: 19.926 Loading class java/util/stream/Sink$OfInt done
Event: 19.926 Loading class java/util/stream/Sink$ChainedInt done
Event: 19.926 Loading class java/util/stream/IntPipeline$1$1 done

Classes unloaded (0 events):
No events

Classes redefined (0 events):
No events

Internal exceptions (20 events):
Event: 2.683 Thread 0x000002612bb33260 Exception <a 'java/io/FileNotFoundException'{0x00000000c5a2ce68}> (0x00000000c5a2ce68) 
thrown [s\src\hotspot\share\prims\jni.cpp, line 520]
Event: 2.754 Thread 0x000002612bb33260 Exception <a 'sun/nio/fs/WindowsException'{0x00000000c56a9450}> (0x00000000c56a9450) 
thrown [s\src\hotspot\share\prims\jni.cpp, line 520]
Event: 2.771 Thread 0x000002612bb33260 Implicit null exception at 0x00000261204cacf7 to 0x00000261204cafb0
Event: 2.777 Thread 0x000002612bb33260 Implicit null exception at 0x000002612050fbca to 0x00000261205100f4
Event: 2.791 Thread 0x000002612bb33260 Implicit null exception at 0x0000026120503f4c to 0x0000026120504468
Event: 2.792 Thread 0x000002612bb33260 Implicit null exception at 0x0000026120511220 to 0x00000261205112a2
Event: 3.079 Thread 0x000002612bb33260 Exception <a 'java/lang/ClassNotFoundException'{0x00000000c4e25c00}: com/sun/javafx/scene/control/skin/resources/controls> (0x00000000c4e25c00) 
thrown [s\src\hotspot\share\prims\jni.cpp, line 539]
Event: 3.080 Thread 0x000002612bb33260 Exception <a 'java/lang/ClassNotFoundException'{0x00000000c4e334d0}: com/sun/javafx/scene/control/skin/resources/controls_es> (0x00000000c4e334d0) 
thrown [s\src\hotspot\share\prims\jni.cpp, line 539]
Event: 3.082 Thread 0x000002612bb33260 Exception <a 'java/lang/ClassNotFoundException'{0x00000000c4e40ca0}: com/sun/javafx/scene/control/skin/resources/controls_es_CO> (0x00000000c4e40ca0) 
thrown [s\src\hotspot\share\prims\jni.cpp, line 539]
Event: 3.212 Thread 0x000002612bb33260 Exception <a 'java/lang/IncompatibleClassChangeError'{0x00000000c69c10e8}: Found class java.lang.Object, but interface was expected> (0x00000000c69c10e8) 
thrown [s\src\hotspot\share\interpreter\linkResolver.cpp, line 863]
Event: 3.342 Thread 0x000002612bb33260 Exception <a 'java/lang/NoSuchMethodError'{0x00000000c669deb0}: 'int java.lang.invoke.DirectMethodHandle$Holder.invokeSpecial(java.lang.Object, java.lang.Object, int)'> (0x00000000c669deb0) 
thrown [s\src\hotspot\share\interpreter\linkResolver.cpp, line 796]
Event: 3.441 Thread 0x000002612bb33260 Exception <a 'java/lang/NoSuchMethodError'{0x00000000c64b6cd0}: 'java.lang.Object java.lang.invoke.DirectMethodHandle$Holder.newInvokeSpecial(java.lang.Object, java.lang.Object, int)'> (0x00000000c64b6cd0) 
thrown [s\src\hotspot\share\interpreter\linkResolver.cpp, line 796]
Event: 3.536 Thread 0x000002612ba84500 Exception <a 'java/lang/NoSuchMethodError'{0x00000000c6384408}: 'int java.lang.invoke.DirectMethodHandle$Holder.invokeStaticInit(java.lang.Object, java.lang.Object)'> (0x00000000c6384408) 
thrown [s\src\hotspot\share\interpreter\linkResolver.cpp, line 796]
Event: 3.540 Thread 0x000002612bb33260 Exception <a 'java/lang/NoSuchMethodError'{0x00000000c634db58}: 'long java.lang.invoke.DirectMethodHandle$Holder.invokeStatic(java.lang.Object, java.lang.Object, java.lang.Object)'> (0x00000000c634db58) 
thrown [s\src\hotspot\share\interpreter\linkResolver.cpp, line 796]
Event: 3.541 Thread 0x000002612bb33260 Exception <a 'java/lang/NoSuchMethodError'{0x00000000c6350f70}: 'long java.lang.invoke.DirectMethodHandle$Holder.invokeStaticInit(java.lang.Object, java.lang.Object, java.lang.Object)'> (0x00000000c6350f70) 
thrown [s\src\hotspot\share\interpreter\linkResolver.cpp, line 796]
Event: 3.571 Thread 0x000002612bb33260 Exception <a 'java/lang/NoSuchMethodError'{0x00000000c63abdf8}: 'java.lang.Object java.lang.invoke.DirectMethodHandle$Holder.newInvokeSpecial(java.lang.Object, java.lang.Object, long)'> (0x00000000c63abdf8) 
thrown [s\src\hotspot\share\interpreter\linkResolver.cpp, line 796]
Event: 3.572 Thread 0x000002612bb33260 Exception <a 'java/lang/NoSuchMethodError'{0x00000000c63af758}: 'java.lang.Object java.lang.invoke.Invokers$Holder.linkToTargetMethod(java.lang.Object, long, java.lang.Object)'> (0x00000000c63af758) 
thrown [s\src\hotspot\share\interpreter\linkResolver.cpp, line 796]
Event: 3.620 Thread 0x000002612ba84500 Exception <a 'java/lang/NoSuchMethodError'{0x00000000c62b2d60}: 'java.lang.Object java.lang.invoke.Invokers$Holder.invokeExact_MT(java.lang.Object, java.lang.Object, java.lang.Object, java.lang.Object, java.lang.Object)'> (0x00000000c62b2d60) 
thrown [s\src\hotspot\share\interpreter\linkResolver.cpp, line 796]
Event: 19.942 Thread 0x000002612bb33260 Exception <a 'java/lang/NoSuchMethodError'{0x00000000c69fcb50}: 'void java.lang.invoke.DirectMethodHandle$Holder.invokeSpecialIFC(java.lang.Object, java.lang.Object, java.lang.Object, java.lang.Object)'> (0x00000000c69fcb50) 
thrown [s\src\hotspot\share\interpreter\linkResolver.cpp, line 796]
Event: 20.470 Thread 0x000002612ba84500 Exception <a 'java/lang/NoSuchMethodError'{0x00000000c5c02308}: 'java.lang.Object java.lang.invoke.DirectMethodHandle$Holder.invokeStaticInit(java.lang.Object, int)'> (0x00000000c5c02308) 
thrown [s\src\hotspot\share\interpreter\linkResolver.cpp, line 796]

VM Operations (20 events):
Event: 2.013 Executing VM operation: G1CollectForAllocation (G1 Evacuation Pause)
Event: 2.018 Executing VM operation: G1CollectForAllocation (G1 Evacuation Pause) done
Event: 2.207 Executing VM operation: HandshakeAllThreads (Deoptimize)
Event: 2.207 Executing VM operation: HandshakeAllThreads (Deoptimize) done
Event: 3.192 Executing VM operation: G1CollectForAllocation (G1 Evacuation Pause)
Event: 3.199 Executing VM operation: G1CollectForAllocation (G1 Evacuation Pause) done
Event: 3.435 Executing VM operation: HandshakeAllThreads (Deoptimize)
Event: 3.435 Executing VM operation: HandshakeAllThreads (Deoptimize) done
Event: 19.729 Executing VM operation: HandshakeAllThreads (Deoptimize)
Event: 19.729 Executing VM operation: HandshakeAllThreads (Deoptimize) done
Event: 19.897 Executing VM operation: G1CollectForAllocation (G1 Evacuation Pause)
Event: 19.911 Executing VM operation: G1CollectForAllocation (G1 Evacuation Pause) done
Event: 19.924 Executing VM operation: HandshakeAllThreads (Deoptimize)
Event: 19.924 Executing VM operation: HandshakeAllThreads (Deoptimize) done
Event: 19.935 Executing VM operation: HandshakeAllThreads (Deoptimize)
Event: 19.935 Executing VM operation: HandshakeAllThreads (Deoptimize) done
Event: 20.391 Executing VM operation: HandshakeAllThreads (Deoptimize)
Event: 20.391 Executing VM operation: HandshakeAllThreads (Deoptimize) done
Event: 20.454 Executing VM operation: HandshakeAllThreads (Deoptimize)
Event: 20.454 Executing VM operation: HandshakeAllThreads (Deoptimize) done

Memory protections (0 events):
No events

Nmethod flushes (0 events):
No events

Events (18 events):
Event: 0.042 Thread 0x000002611005f8b0 Thread added: 0x000002611005f8b0
Event: 0.060 Thread 0x000002611005f8b0 Thread added: 0x000002612b17af70
Event: 0.060 Thread 0x000002611005f8b0 Thread added: 0x000002612b17d9f0
Event: 0.061 Thread 0x000002611005f8b0 Thread added: 0x000002612b180900
Event: 0.061 Thread 0x000002611005f8b0 Thread added: 0x000002612b181770
Event: 0.061 Thread 0x000002611005f8b0 Thread added: 0x000002612b182300
Event: 0.061 Thread 0x000002611005f8b0 Thread added: 0x000002612b186390
Event: 0.061 Thread 0x000002611005f8b0 Thread added: 0x000002612b191670
Event: 0.061 Thread 0x000002611005f8b0 Thread added: 0x000002612b194d60
Event: 0.099 Thread 0x000002611005f8b0 Thread added: 0x000002612b413d00
Event: 0.259 Thread 0x000002611005f8b0 Thread added: 0x000002612b563b00
Event: 0.823 Thread 0x000002611005f8b0 Thread added: 0x000002612ba84500
Event: 0.999 Thread 0x000002611005f8b0 Thread added: 0x000002612bb17a60
Event: 1.009 Thread 0x000002611005f8b0 Thread added: 0x000002612bb33260
Event: 1.180 Thread 0x000002612bc7d430 Thread added: 0x000002612bc7d430
Event: 1.346 Thread 0x000002611005f8b0 Thread added: 0x000002612bc93ac0
Event: 2.462 Thread 0x000002612bb33260 Thread added: 0x00000261762c8750
Event: 3.660 Thread 0x000002612ba84500 Thread added: 0x0000026176642350


Dynamic libraries:
0x00007ff739070000 - 0x00007ff73907e000 	C:\Program Files\BellSoft\LibericaJDK-23\bin\java.exe
0x00007ffb204f0000 - 0x00007ffb20707000 	C:\WINDOWS\SYSTEM32\ntdll.dll
0x00007ffae8db0000 - 0x00007ffae8dca000 	C:\Program Files\AVG\Antivirus\aswhook.dll
0x00007ffb1f910000 - 0x00007ffb1f9d4000 	C:\WINDOWS\System32\KERNEL32.DLL
0x00007ffb1dbb0000 - 0x00007ffb1df69000 	C:\WINDOWS\System32\KERNELBASE.dll
0x00007ffb1d9c0000 - 0x00007ffb1dad1000 	C:\WINDOWS\System32\ucrtbase.dll
0x00007ffaf22d0000 - 0x00007ffaf22e7000 	C:\Program Files\BellSoft\LibericaJDK-23\bin\jli.dll
0x00007ffaef0b0000 - 0x00007ffaef0cb000 	C:\Program Files\BellSoft\LibericaJDK-23\bin\VCRUNTIME140.dll
0x00007ffb1f9e0000 - 0x00007ffb1fb8e000 	C:\WINDOWS\System32\USER32.dll
0x00007ffb1dae0000 - 0x00007ffb1db06000 	C:\WINDOWS\System32\win32u.dll
0x00007ffb1f750000 - 0x00007ffb1f779000 	C:\WINDOWS\System32\GDI32.dll
0x00007ffaf7570000 - 0x00007ffaf7802000 	C:\WINDOWS\WinSxS\amd64_microsoft.windows.common-controls_6595b64144ccf1df_6.0.22621.4391_none_2715d37f73803e96\COMCTL32.dll
0x00007ffb1d870000 - 0x00007ffb1d98b000 	C:\WINDOWS\System32\gdi32full.dll
0x00007ffb20400000 - 0x00007ffb204a7000 	C:\WINDOWS\System32\msvcrt.dll
0x00007ffb1db10000 - 0x00007ffb1dbaa000 	C:\WINDOWS\System32\msvcp_win.dll
0x00007ffb1f200000 - 0x00007ffb1f231000 	C:\WINDOWS\System32\IMM32.DLL
0x00007ffb154e0000 - 0x00007ffb154ec000 	C:\Program Files\BellSoft\LibericaJDK-23\bin\vcruntime140_1.dll
0x00007ffacb6e0000 - 0x00007ffacb76e000 	C:\Program Files\BellSoft\LibericaJDK-23\bin\msvcp140.dll
0x00007ffa4d090000 - 0x00007ffa4de6e000 	C:\Program Files\BellSoft\LibericaJDK-23\bin\server\jvm.dll
0x00007ffb1f640000 - 0x00007ffb1f6f2000 	C:\WINDOWS\System32\ADVAPI32.dll
0x00007ffb1e210000 - 0x00007ffb1e2b7000 	C:\WINDOWS\System32\sechost.dll
0x00007ffb1d990000 - 0x00007ffb1d9b8000 	C:\WINDOWS\System32\bcrypt.dll
0x00007ffb1fe20000 - 0x00007ffb1ff34000 	C:\WINDOWS\System32\RPCRT4.dll
0x00007ffb1e870000 - 0x00007ffb1e8e1000 	C:\WINDOWS\System32\WS2_32.dll
0x00007ffb1d6c0000 - 0x00007ffb1d70d000 	C:\WINDOWS\SYSTEM32\POWRPROF.dll
0x00007ffb154a0000 - 0x00007ffb154d4000 	C:\WINDOWS\SYSTEM32\WINMM.dll
0x00007ffb140a0000 - 0x00007ffb140aa000 	C:\WINDOWS\SYSTEM32\VERSION.dll
0x00007ffb1d6a0000 - 0x00007ffb1d6b3000 	C:\WINDOWS\SYSTEM32\UMPDC.dll
0x00007ffb1c830000 - 0x00007ffb1c848000 	C:\WINDOWS\SYSTEM32\kernel.appcore.dll
0x00007ffb0e810000 - 0x00007ffb0e81a000 	C:\Program Files\BellSoft\LibericaJDK-23\bin\jimage.dll
0x00007ffb1b210000 - 0x00007ffb1b442000 	C:\WINDOWS\SYSTEM32\DBGHELP.DLL
0x00007ffb1f2a0000 - 0x00007ffb1f62f000 	C:\WINDOWS\System32\combase.dll
0x00007ffb1fb90000 - 0x00007ffb1fc67000 	C:\WINDOWS\System32\OLEAUT32.dll
0x00007ffb0fb10000 - 0x00007ffb0fb42000 	C:\WINDOWS\SYSTEM32\dbgcore.DLL
0x00007ffb1d7f0000 - 0x00007ffb1d86b000 	C:\WINDOWS\System32\bcryptPrimitives.dll
0x00007ffaee0b0000 - 0x00007ffaee0ce000 	C:\Program Files\BellSoft\LibericaJDK-23\bin\java.dll
0x00007ffb1fc70000 - 0x00007ffb1fe15000 	C:\WINDOWS\System32\ole32.dll
0x00007ffb1e8f0000 - 0x00007ffb1f166000 	C:\WINDOWS\System32\SHELL32.dll
0x00007ffb1b730000 - 0x00007ffb1c033000 	C:\WINDOWS\SYSTEM32\windows.storage.dll
0x00007ffb1b5f0000 - 0x00007ffb1b72f000 	C:\WINDOWS\SYSTEM32\wintypes.dll
0x00007ffb1f810000 - 0x00007ffb1f909000 	C:\WINDOWS\System32\SHCORE.dll
0x00007ffb1f240000 - 0x00007ffb1f29e000 	C:\WINDOWS\System32\shlwapi.dll
0x00007ffb1d720000 - 0x00007ffb1d74b000 	C:\WINDOWS\SYSTEM32\profapi.dll
0x00007ffaa4710000 - 0x00007ffaa47e7000 	C:\Program Files\BellSoft\LibericaJDK-23\bin\jsvml.dll
0x00007ffb0d680000 - 0x00007ffb0d690000 	C:\Program Files\BellSoft\LibericaJDK-23\bin\net.dll
0x00007ffb1ccb0000 - 0x00007ffb1cd19000 	C:\WINDOWS\system32\mswsock.dll
0x00007ffaecbb0000 - 0x00007ffaecbc6000 	C:\Program Files\BellSoft\LibericaJDK-23\bin\nio.dll
0x00007ffaeaa00000 - 0x00007ffaeaa17000 	C:\Program Files\BellSoft\LibericaJDK-23\bin\zip.dll
0x000002610ffc0000 - 0x000002610ffc3000 	C:\Users\juan_\.openjfx\cache\13\api-ms-win-core-console-l1-1-0.dll
0x000002610ffd0000 - 0x000002610ffd3000 	C:\Users\juan_\.openjfx\cache\13\api-ms-win-core-datetime-l1-1-0.dll
0x000002610ffe0000 - 0x000002610ffe3000 	C:\Users\juan_\.openjfx\cache\13\api-ms-win-core-debug-l1-1-0.dll
0x000002610fff0000 - 0x000002610fff3000 	C:\Users\juan_\.openjfx\cache\13\api-ms-win-core-errorhandling-l1-1-0.dll
0x0000026110000000 - 0x0000026110004000 	C:\Users\juan_\.openjfx\cache\13\api-ms-win-core-file-l1-1-0.dll
0x0000026110010000 - 0x0000026110013000 	C:\Users\juan_\.openjfx\cache\13\api-ms-win-core-file-l1-2-0.dll
0x000002612bfb0000 - 0x000002612bfb3000 	C:\Users\juan_\.openjfx\cache\13\api-ms-win-core-file-l2-1-0.dll
0x000002612bfc0000 - 0x000002612bfc3000 	C:\Users\juan_\.openjfx\cache\13\api-ms-win-core-handle-l1-1-0.dll
0x000002612bfd0000 - 0x000002612bfd3000 	C:\Users\juan_\.openjfx\cache\13\api-ms-win-core-heap-l1-1-0.dll
0x000002612bfe0000 - 0x000002612bfe3000 	C:\Users\juan_\.openjfx\cache\13\api-ms-win-core-interlocked-l1-1-0.dll
0x000002612bff0000 - 0x000002612bff3000 	C:\Users\juan_\.openjfx\cache\13\api-ms-win-core-libraryloader-l1-1-0.dll
0x0000026171000000 - 0x0000026171003000 	C:\Users\juan_\.openjfx\cache\13\api-ms-win-core-localization-l1-2-0.dll
0x0000026171010000 - 0x0000026171013000 	C:\Users\juan_\.openjfx\cache\13\api-ms-win-core-memory-l1-1-0.dll
0x0000026171020000 - 0x0000026171023000 	C:\Users\juan_\.openjfx\cache\13\api-ms-win-core-namedpipe-l1-1-0.dll
0x0000026171030000 - 0x0000026171033000 	C:\Users\juan_\.openjfx\cache\13\api-ms-win-core-processenvironment-l1-1-0.dll
0x0000026171040000 - 0x0000026171043000 	C:\Users\juan_\.openjfx\cache\13\api-ms-win-core-processthreads-l1-1-0.dll
0x0000026171050000 - 0x0000026171053000 	C:\Users\juan_\.openjfx\cache\13\api-ms-win-core-processthreads-l1-1-1.dll
0x0000026171060000 - 0x0000026171063000 	C:\Users\juan_\.openjfx\cache\13\api-ms-win-core-profile-l1-1-0.dll
0x0000026171070000 - 0x0000026171073000 	C:\Users\juan_\.openjfx\cache\13\api-ms-win-core-rtlsupport-l1-1-0.dll
0x0000026171080000 - 0x0000026171083000 	C:\Users\juan_\.openjfx\cache\13\api-ms-win-core-string-l1-1-0.dll
0x0000026171090000 - 0x0000026171093000 	C:\Users\juan_\.openjfx\cache\13\api-ms-win-core-synch-l1-1-0.dll
0x00000261710a0000 - 0x00000261710a3000 	C:\Users\juan_\.openjfx\cache\13\api-ms-win-core-synch-l1-2-0.dll
0x00000261710b0000 - 0x00000261710b3000 	C:\Users\juan_\.openjfx\cache\13\api-ms-win-core-sysinfo-l1-1-0.dll
0x00000261710c0000 - 0x00000261710c3000 	C:\Users\juan_\.openjfx\cache\13\api-ms-win-core-timezone-l1-1-0.dll
0x00000261710d0000 - 0x00000261710d3000 	C:\Users\juan_\.openjfx\cache\13\api-ms-win-core-util-l1-1-0.dll
0x00000261710e0000 - 0x00000261710e3000 	C:\Users\juan_\.openjfx\cache\13\api-ms-win-crt-conio-l1-1-0.dll
0x00000261710f0000 - 0x00000261710f4000 	C:\Users\juan_\.openjfx\cache\13\api-ms-win-crt-convert-l1-1-0.dll
0x0000026171100000 - 0x0000026171103000 	C:\Users\juan_\.openjfx\cache\13\api-ms-win-crt-environment-l1-1-0.dll
0x0000026171110000 - 0x0000026171113000 	C:\Users\juan_\.openjfx\cache\13\api-ms-win-crt-filesystem-l1-1-0.dll
0x0000026171120000 - 0x0000026171123000 	C:\Users\juan_\.openjfx\cache\13\api-ms-win-crt-heap-l1-1-0.dll
0x0000026171130000 - 0x0000026171133000 	C:\Users\juan_\.openjfx\cache\13\api-ms-win-crt-locale-l1-1-0.dll
0x0000026171140000 - 0x0000026171145000 	C:\Users\juan_\.openjfx\cache\13\api-ms-win-crt-math-l1-1-0.dll
0x0000026171150000 - 0x0000026171155000 	C:\Users\juan_\.openjfx\cache\13\api-ms-win-crt-multibyte-l1-1-0.dll
0x0000026171160000 - 0x0000026171170000 	C:\Users\juan_\.openjfx\cache\13\api-ms-win-crt-private-l1-1-0.dll
0x0000026171170000 - 0x0000026171173000 	C:\Users\juan_\.openjfx\cache\13\api-ms-win-crt-process-l1-1-0.dll
0x0000026171180000 - 0x0000026171184000 	C:\Users\juan_\.openjfx\cache\13\api-ms-win-crt-runtime-l1-1-0.dll
0x0000026171190000 - 0x0000026171194000 	C:\Users\juan_\.openjfx\cache\13\api-ms-win-crt-stdio-l1-1-0.dll
0x00000261711a0000 - 0x00000261711a4000 	C:\Users\juan_\.openjfx\cache\13\api-ms-win-crt-string-l1-1-0.dll
0x00000261711b0000 - 0x00000261711b3000 	C:\Users\juan_\.openjfx\cache\13\api-ms-win-crt-time-l1-1-0.dll
0x00000261711c0000 - 0x00000261711c3000 	C:\Users\juan_\.openjfx\cache\13\api-ms-win-crt-utility-l1-1-0.dll
0x00007ffaa4610000 - 0x00007ffaa470c000 	C:\Users\juan_\.openjfx\cache\13\ucrtbase.dll
0x00007ffae8b20000 - 0x00007ffae8b35000 	C:\Users\juan_\.openjfx\cache\13\vcruntime140.dll
0x00007ffacad50000 - 0x00007ffacadeb000 	C:\Users\juan_\.openjfx\cache\13\msvcp140.dll
0x00007ffac5900000 - 0x00007ffac5951000 	C:\Users\juan_\.openjfx\cache\13\concrt140.dll
0x00007ffae0670000 - 0x00007ffae0693000 	C:\Users\juan_\.openjfx\cache\13\prism_d3d.dll
0x00007ffa994c0000 - 0x00007ffa99668000 	C:\WINDOWS\system32\d3d9.dll
0x00007ffb1aae0000 - 0x00007ffb1ab0b000 	C:\WINDOWS\SYSTEM32\dwmapi.dll
0x00007ffb1a990000 - 0x00007ffb1a9c7000 	C:\WINDOWS\SYSTEM32\dxcore.dll
0x00007ffb1a8a0000 - 0x00007ffb1a951000 	C:\WINDOWS\system32\uxtheme.dll
0x00007ffa8b7a0000 - 0x00007ffa8b94f000 	C:\WINDOWS\System32\DriverStore\FileRepository\iigd_dch.inf_amd64_4baea396c1a08a8e\igdumdim64.dll
0x00007ffa487e0000 - 0x00007ffa4d083000 	C:\WINDOWS\System32\DriverStore\FileRepository\iigd_dch.inf_amd64_4baea396c1a08a8e\igd9dxva64.dll
0x00007ffb1e2c0000 - 0x00007ffb1e734000 	C:\WINDOWS\System32\SETUPAPI.dll
0x00007ffb1d3f0000 - 0x00007ffb1d43e000 	C:\WINDOWS\SYSTEM32\cfgmgr32.dll
0x00007ffb13c90000 - 0x00007ffb14099000 	C:\WINDOWS\System32\DriverStore\FileRepository\iigd_dch.inf_amd64_4baea396c1a08a8e\igdgmm64.dll
0x00007ffb180f0000 - 0x00007ffb18139000 	C:\WINDOWS\SYSTEM32\directxdatabasehelper.dll
0x00007ffacbb80000 - 0x00007ffacbbc5000 	C:\Users\juan_\.openjfx\cache\13\glass.dll
0x00007ffb20300000 - 0x00007ffb203ff000 	C:\WINDOWS\System32\COMDLG32.dll
0x00007ffb1ff40000 - 0x00007ffb200a0000 	C:\WINDOWS\System32\MSCTF.dll
0x00007ffae3ad0000 - 0x00007ffae3af7000 	C:\WINDOWS\System32\DriverStore\FileRepository\iigd_dch.inf_amd64_4baea396c1a08a8e\igdinfo64.dll
0x00007ffb104f0000 - 0x00007ffb13c84000 	C:\WINDOWS\System32\DriverStore\FileRepository\iigd_dch.inf_amd64_4baea396c1a08a8e\igc64.dll
0x00007ffad7430000 - 0x00007ffad745c000 	C:\Users\juan_\.openjfx\cache\13\javafx_iio.dll
0x00007ffadff20000 - 0x00007ffadff34000 	C:\Users\juan_\.openjfx\cache\13\javafx_font.dll
0x00007ffb18fb0000 - 0x00007ffb19223000 	C:\WINDOWS\SYSTEM32\dwrite.dll
0x00007ffb1e7c0000 - 0x00007ffb1e870000 	C:\WINDOWS\System32\clbcatq.dll
0x00007ffb1a6f0000 - 0x00007ffb1a8a0000 	C:\WINDOWS\SYSTEM32\WindowsCodecs.dll
0x00007ffadf670000 - 0x00007ffadf6ce000 	C:\WINDOWS\system32\dataexchange.dll
0x00007ffb15d00000 - 0x00007ffb15fa4000 	C:\WINDOWS\system32\twinapi.appcore.dll
0x00007ffac58c0000 - 0x00007ffac58f2000 	C:\Program Files\Common Files\Microsoft Shared\Ink\rtscom.dll
0x00007ffafc120000 - 0x00007ffafc265000 	C:\WINDOWS\SYSTEM32\textinputframework.dll
0x00007ffb1a120000 - 0x00007ffb1a253000 	C:\WINDOWS\SYSTEM32\CoreMessaging.dll
0x00007ffb17ad0000 - 0x00007ffb17e3d000 	C:\WINDOWS\SYSTEM32\CoreUIComponents.dll
0x00007ffb1cf20000 - 0x00007ffb1cf2c000 	C:\WINDOWS\SYSTEM32\CRYPTBASE.DLL
0x00007ffb19230000 - 0x00007ffb1981e000 	C:\WINDOWS\SYSTEM32\d2d1.dll
0x00007ffb19820000 - 0x00007ffb19a77000 	C:\WINDOWS\SYSTEM32\d3d11.dll
0x00007ffb1a9d0000 - 0x00007ffb1aac7000 	C:\WINDOWS\SYSTEM32\dxgi.dll
0x00007ffb16d90000 - 0x00007ffb174a3000 	C:\WINDOWS\SYSTEM32\D3D10Warp.dll

dbghelp: loaded successfully - version: 4.0.5 - missing functions: none
symbol engine: initialized successfully - sym options: 0x614 - pdb path: .;C:\Program Files\BellSoft\LibericaJDK-23\bin;C:\WINDOWS\SYSTEM32;C:\Program Files\AVG\Antivirus;C:\WINDOWS\WinSxS\amd64_microsoft.windows.common-controls_6595b64144ccf1df_6.0.22621.4391_none_2715d37f73803e96;C:\Program Files\BellSoft\LibericaJDK-23\bin\server;C:\Users\juan_\.openjfx\cache\13;C:\WINDOWS\System32\DriverStore\FileRepository\iigd_dch.inf_amd64_4baea396c1a08a8e;C:\Program Files\Common Files\Microsoft Shared\Ink

VM Arguments:
jvm_args: -XX:+ShowCodeDetailsInExceptionMessages --module-path=C:\Users\juan_\OneDrive\Desktop\PROGRAMACIÓN 1\PRUEBACESAR\proyectofinaluq\target\classes;C:\Users\juan_\.m2\repository\org\openjfx\javafx-controls\13\javafx-controls-13-win.jar;C:\Users\juan_\.m2\repository\org\openjfx\javafx-graphics\13\javafx-graphics-13-win.jar;C:\Users\juan_\.m2\repository\org\openjfx\javafx-base\13\javafx-base-13-win.jar;C:\Users\juan_\.m2\repository\org\openjfx\javafx-fxml\13\javafx-fxml-13-win.jar -Djdk.module.main=co.edu.uniquindio.poo 
java_command: co.edu.uniquindio.poo/co.edu.uniquindio.poo.App
java_class_path (initial): C:\Users\juan_\.m2\repository\org\openjfx\javafx-controls\13\javafx-controls-13.jar;C:\Users\juan_\.m2\repository\org\openjfx\javafx-graphics\13\javafx-graphics-13.jar;C:\Users\juan_\.m2\repository\org\openjfx\javafx-base\13\javafx-base-13.jar;C:\Users\juan_\.m2\repository\org\openjfx\javafx-fxml\13\javafx-fxml-13.jar
Launcher Type: SUN_STANDARD

[Global flags]
     intx CICompilerCount                          = 3                                         {product} {ergonomic}
     uint ConcGCThreads                            = 1                                         {product} {ergonomic}
     uint G1ConcRefinementThreads                  = 4                                         {product} {ergonomic}
   size_t G1HeapRegionSize                         = 1048576                                   {product} {ergonomic}
   size_t InitialHeapSize                          = 65011712                                  {product} {ergonomic}
   size_t MarkStackSize                            = 4194304                                   {product} {ergonomic}
   size_t MarkStackSizeMax                         = 536870912                                 {product} {ergonomic}
   size_t MaxHeapSize                              = 1027604480                                {product} {ergonomic}
   size_t MaxNewSize                               = 616562688                                 {product} {ergonomic}
   size_t MinHeapDeltaBytes                        = 1048576                                   {product} {ergonomic}
   size_t MinHeapSize                              = 8388608                                   {product} {ergonomic}
    uintx NonNMethodCodeHeapSize                   = 5832704                                {pd product} {ergonomic}
    uintx NonProfiledCodeHeapSize                  = 122945536                              {pd product} {ergonomic}
    uintx ProfiledCodeHeapSize                     = 122880000                              {pd product} {ergonomic}
    uintx ReservedCodeCacheSize                    = 251658240                              {pd product} {ergonomic}
     bool SegmentedCodeCache                       = true                                      {product} {ergonomic}
     bool ShowCodeDetailsInExceptionMessages       = true                                   {manageable} {command line}
   size_t SoftMaxHeapSize                          = 1027604480                             {manageable} {ergonomic}
     bool UseCompressedOops                        = true                           {product lp64_product} {ergonomic}
     bool UseG1GC                                  = true                                      {product} {ergonomic}
     bool UseLargePagesIndividualAllocation        = false                                  {pd product} {ergonomic}

Logging:
Log output configuration:
 #0: stdout all=warning uptime,level,tags foldmultilines=false
 #1: stderr all=off uptime,level,tags foldmultilines=false

Environment Variables:
JAVA_HOME=C:\Program Files\BellSoft\LibericaJDK-23\
PATH=C:\Program Files\BellSoft\LibericaJDK-23\bin\;C:\Program Files\Eclipse Adoptium\jdk-21.0.4.7-hotspot\bin;C:\Program Files (x86)\Common Files\Oracle\Java\javapath;C:\WINDOWS\system32;C:\WINDOWS;C:\WINDOWS\System32\Wbem;C:\WINDOWS\System32\WindowsPowerShell\v1.0\;C:\WINDOWS\System32\OpenSSH\;C:\Program Files\HP\HP One Agent;C:\Program Files\Git\cmd;C:\Program Files\apache-maven-3.9.8\bin;C:\Users\juan_\AppData\Local\Programs\Microsoft VS Code\bin;C:\Program Files (x86)\apache-maven-3.9.8\bin;
USERNAME=juan_
LANG=en_US.UTF-8
OS=Windows_NT
PROCESSOR_IDENTIFIER=Intel64 Family 6 Model 142 Stepping 12, GenuineIntel
TMP=C:\Users\juan_\AppData\Local\Temp
TEMP=C:\Users\juan_\AppData\Local\Temp




Periodic native trim disabled

---------------  S Y S T E M  ---------------

OS:
 Windows 11 , 64 bit Build 22621 (10.0.22621.4391)
OS uptime: 0 days 5:04 hours

CPU: total 4 (initial active 4) (2 cores per cpu, 2 threads per core) family 6 model 142 stepping 12 microcode 0xec, cx8, cmov, fxsr, ht, mmx, 3dnowpref, sse, sse2, sse3, ssse3, sse4.1, sse4.2, popcnt, lzcnt, tsc, tscinvbit, aes, erms, clmul, clflush, clflushopt, rdtscp
Processor Information for the first 4 processors :
  Max Mhz: 2400, Current Mhz: 2400, Mhz Limit: 2400

Memory: 4k page, system-wide physical 3919M (215M free)
TotalPageFile size 12111M (AvailPageFile size 172M)
current process WorkingSet (physical memory assigned to process): 195M, peak: 196M
current process commit charge ("private bytes"): 236M, peak: 238M

vm_info: OpenJDK 64-Bit Server VM (23+38) for windows-amd64 JRE (23+38), built on 2024-09-09T15:49:38Z with MS VC++ 17.1 (VS2022)

END.
